2021-05-17 14:28:24.189  INFO 3135 --- [main] c.u.t.c.ChannelserviceApplication        : Starting ChannelserviceApplication using Java 11.0.10 on iMac-OFB.local with PID 3135 (/Users/ofb-mac/BSS/channelservice/target/classes started by ofb-mac in /Users/ofb-mac/BSS/channelservice)
2021-05-17 14:28:24.191  INFO 3135 --- [main] c.u.t.c.ChannelserviceApplication        : No active profile set, falling back to default profiles: default
2021-05-17 14:28:24.844  INFO 3135 --- [main] .s.d.r.c.RepositoryConfigurationDelegate : Bootstrapping Spring Data JPA repositories in DEFAULT mode.
2021-05-17 14:28:24.859  INFO 3135 --- [main] .s.d.r.c.RepositoryConfigurationDelegate : Finished Spring Data repository scanning in 5 ms. Found 0 JPA repository interfaces.
2021-05-17 14:28:25.535  INFO 3135 --- [main] o.s.b.w.embedded.tomcat.TomcatWebServer  : Tomcat initialized with port(s): 8081 (http)
2021-05-17 14:28:25.541  INFO 3135 --- [main] o.apache.catalina.core.StandardService   : Starting service [Tomcat]
2021-05-17 14:28:25.541  INFO 3135 --- [main] org.apache.catalina.core.StandardEngine  : Starting Servlet engine: [Apache Tomcat/9.0.45]
2021-05-17 14:28:25.652  INFO 3135 --- [main] o.a.c.c.C.[Tomcat].[localhost].[/]       : Initializing Spring embedded WebApplicationContext
2021-05-17 14:28:25.653  INFO 3135 --- [main] w.s.c.ServletWebServerApplicationContext : Root WebApplicationContext: initialization completed in 1426 ms
2021-05-17 14:28:25.917  INFO 3135 --- [main] o.hibernate.jpa.internal.util.LogHelper  : HHH000204: Processing PersistenceUnitInfo [name: default]
2021-05-17 14:28:25.990  INFO 3135 --- [main] org.hibernate.Version                    : HHH000412: Hibernate ORM core version 5.4.30.Final
2021-05-17 14:28:26.167  INFO 3135 --- [main] o.hibernate.annotations.common.Version   : HCANN000001: Hibernate Commons Annotations {5.1.2.Final}
2021-05-17 14:28:26.311  INFO 3135 --- [main] com.zaxxer.hikari.HikariDataSource       : HikariPool-1 - Starting...
2021-05-17 14:28:26.459  INFO 3135 --- [main] com.zaxxer.hikari.HikariDataSource       : HikariPool-1 - Start completed.
2021-05-17 14:28:26.479  INFO 3135 --- [main] org.hibernate.dialect.Dialect            : HHH000400: Using dialect: org.hibernate.dialect.PostgreSQLDialect
2021-05-17 14:28:27.362  INFO 3135 --- [main] o.h.e.t.j.p.i.JtaPlatformInitiator       : HHH000490: Using JtaPlatform implementation: [org.hibernate.engine.transaction.jta.platform.internal.NoJtaPlatform]
2021-05-17 14:28:27.449  INFO 3135 --- [main] j.LocalContainerEntityManagerFactoryBean : Initialized JPA EntityManagerFactory for persistence unit 'default'
2021-05-17 14:28:29.572  WARN 3135 --- [main] JpaBaseConfiguration$JpaWebConfiguration : spring.jpa.open-in-view is enabled by default. Therefore, database queries may be performed during view rendering. Explicitly configure spring.jpa.open-in-view to disable this warning
2021-05-17 14:28:29.698  INFO 3135 --- [main] o.s.s.concurrent.ThreadPoolTaskExecutor  : Initializing ExecutorService 'applicationTaskExecutor'
2021-05-17 14:28:29.862  INFO 3135 --- [main] o.s.b.w.embedded.tomcat.TomcatWebServer  : Tomcat started on port(s): 8081 (http) with context path ''
2021-05-17 14:28:29.897  INFO 3135 --- [main] c.u.t.c.ChannelserviceApplication        : Started ChannelserviceApplication in 6.071 seconds (JVM running for 6.933)
2021-05-17 14:28:35.741  INFO 3135 --- [SpringContextShutdownHook] o.s.s.concurrent.ThreadPoolTaskExecutor  : Shutting down ExecutorService 'applicationTaskExecutor'
2021-05-17 14:28:35.741  INFO 3135 --- [SpringContextShutdownHook] j.LocalContainerEntityManagerFactoryBean : Closing JPA EntityManagerFactory for persistence unit 'default'
2021-05-17 14:28:35.752  INFO 3135 --- [SpringContextShutdownHook] com.zaxxer.hikari.HikariDataSource       : HikariPool-1 - Shutdown initiated...
2021-05-17 14:28:35.757  INFO 3135 --- [SpringContextShutdownHook] com.zaxxer.hikari.HikariDataSource       : HikariPool-1 - Shutdown completed.
2021-05-17 14:28:56.584  INFO 3156 --- [main] c.u.t.c.ChannelserviceApplication        : Starting ChannelserviceApplication using Java 11.0.10 on iMac-OFB.local with PID 3156 (/Users/ofb-mac/BSS/channelservice/target/classes started by ofb-mac in /Users/ofb-mac/BSS/channelservice)
2021-05-17 14:28:56.590  INFO 3156 --- [main] c.u.t.c.ChannelserviceApplication        : No active profile set, falling back to default profiles: default
2021-05-17 14:28:56.950  INFO 3156 --- [main] .s.d.r.c.RepositoryConfigurationDelegate : Bootstrapping Spring Data JPA repositories in DEFAULT mode.
2021-05-17 14:28:56.959  INFO 3156 --- [main] .s.d.r.c.RepositoryConfigurationDelegate : Finished Spring Data repository scanning in 4 ms. Found 0 JPA repository interfaces.
2021-05-17 14:28:57.238  INFO 3156 --- [main] o.s.b.w.embedded.tomcat.TomcatWebServer  : Tomcat initialized with port(s): 8081 (http)
2021-05-17 14:28:57.244  INFO 3156 --- [main] o.apache.catalina.core.StandardService   : Starting service [Tomcat]
2021-05-17 14:28:57.244  INFO 3156 --- [main] org.apache.catalina.core.StandardEngine  : Starting Servlet engine: [Apache Tomcat/9.0.45]
2021-05-17 14:28:57.323  INFO 3156 --- [main] o.a.c.c.C.[Tomcat].[localhost].[/]       : Initializing Spring embedded WebApplicationContext
2021-05-17 14:28:57.323  INFO 3156 --- [main] w.s.c.ServletWebServerApplicationContext : Root WebApplicationContext: initialization completed in 707 ms
2021-05-17 14:28:57.427  INFO 3156 --- [main] o.hibernate.jpa.internal.util.LogHelper  : HHH000204: Processing PersistenceUnitInfo [name: default]
2021-05-17 14:28:57.451  INFO 3156 --- [main] org.hibernate.Version                    : HHH000412: Hibernate ORM core version 5.4.30.Final
2021-05-17 14:28:57.509  INFO 3156 --- [main] o.hibernate.annotations.common.Version   : HCANN000001: Hibernate Commons Annotations {5.1.2.Final}
2021-05-17 14:28:57.557  INFO 3156 --- [main] com.zaxxer.hikari.HikariDataSource       : HikariPool-1 - Starting...
2021-05-17 14:28:57.598  INFO 3156 --- [main] com.zaxxer.hikari.HikariDataSource       : HikariPool-1 - Start completed.
2021-05-17 14:28:57.606  INFO 3156 --- [main] org.hibernate.dialect.Dialect            : HHH000400: Using dialect: org.hibernate.dialect.PostgreSQLDialect
2021-05-17 14:28:57.727  INFO 3156 --- [main] o.h.e.t.j.p.i.JtaPlatformInitiator       : HHH000490: Using JtaPlatform implementation: [org.hibernate.engine.transaction.jta.platform.internal.NoJtaPlatform]
2021-05-17 14:28:57.733  INFO 3156 --- [main] j.LocalContainerEntityManagerFactoryBean : Initialized JPA EntityManagerFactory for persistence unit 'default'
2021-05-17 14:28:58.899  WARN 3156 --- [main] JpaBaseConfiguration$JpaWebConfiguration : spring.jpa.open-in-view is enabled by default. Therefore, database queries may be performed during view rendering. Explicitly configure spring.jpa.open-in-view to disable this warning
2021-05-17 14:28:58.965  INFO 3156 --- [main] o.s.s.concurrent.ThreadPoolTaskExecutor  : Initializing ExecutorService 'applicationTaskExecutor'
2021-05-17 14:28:59.081  INFO 3156 --- [main] o.s.b.w.embedded.tomcat.TomcatWebServer  : Tomcat started on port(s): 8081 (http) with context path ''
2021-05-17 14:28:59.089  INFO 3156 --- [main] c.u.t.c.ChannelserviceApplication        : Started ChannelserviceApplication in 2.726 seconds (JVM running for 3.182)
2021-05-17 14:28:59.484  INFO 3156 --- [SpringContextShutdownHook] o.s.s.concurrent.ThreadPoolTaskExecutor  : Shutting down ExecutorService 'applicationTaskExecutor'
2021-05-17 14:28:59.484  INFO 3156 --- [SpringContextShutdownHook] j.LocalContainerEntityManagerFactoryBean : Closing JPA EntityManagerFactory for persistence unit 'default'
2021-05-17 14:28:59.485  INFO 3156 --- [SpringContextShutdownHook] com.zaxxer.hikari.HikariDataSource       : HikariPool-1 - Shutdown initiated...
2021-05-17 14:28:59.489  INFO 3156 --- [SpringContextShutdownHook] com.zaxxer.hikari.HikariDataSource       : HikariPool-1 - Shutdown completed.
2021-05-17 14:29:19.410  INFO 3172 --- [main] c.u.t.c.ChannelserviceApplication        : Starting ChannelserviceApplication using Java 11.0.10 on iMac-OFB.local with PID 3172 (/Users/ofb-mac/BSS/channelservice/target/classes started by ofb-mac in /Users/ofb-mac/BSS/channelservice)
2021-05-17 14:29:19.412  INFO 3172 --- [main] c.u.t.c.ChannelserviceApplication        : No active profile set, falling back to default profiles: default
2021-05-17 14:29:19.783  INFO 3172 --- [main] .s.d.r.c.RepositoryConfigurationDelegate : Bootstrapping Spring Data JPA repositories in DEFAULT mode.
2021-05-17 14:29:19.792  INFO 3172 --- [main] .s.d.r.c.RepositoryConfigurationDelegate : Finished Spring Data repository scanning in 4 ms. Found 0 JPA repository interfaces.
2021-05-17 14:29:20.076  INFO 3172 --- [main] o.s.b.w.embedded.tomcat.TomcatWebServer  : Tomcat initialized with port(s): 8081 (http)
2021-05-17 14:29:20.082  INFO 3172 --- [main] o.apache.catalina.core.StandardService   : Starting service [Tomcat]
2021-05-17 14:29:20.082  INFO 3172 --- [main] org.apache.catalina.core.StandardEngine  : Starting Servlet engine: [Apache Tomcat/9.0.45]
2021-05-17 14:29:20.162  INFO 3172 --- [main] o.a.c.c.C.[Tomcat].[localhost].[/]       : Initializing Spring embedded WebApplicationContext
2021-05-17 14:29:20.162  INFO 3172 --- [main] w.s.c.ServletWebServerApplicationContext : Root WebApplicationContext: initialization completed in 714 ms
2021-05-17 14:29:20.271  INFO 3172 --- [main] o.hibernate.jpa.internal.util.LogHelper  : HHH000204: Processing PersistenceUnitInfo [name: default]
2021-05-17 14:29:20.297  INFO 3172 --- [main] org.hibernate.Version                    : HHH000412: Hibernate ORM core version 5.4.30.Final
2021-05-17 14:29:20.361  INFO 3172 --- [main] o.hibernate.annotations.common.Version   : HCANN000001: Hibernate Commons Annotations {5.1.2.Final}
2021-05-17 14:29:20.415  INFO 3172 --- [main] com.zaxxer.hikari.HikariDataSource       : HikariPool-1 - Starting...
2021-05-17 14:29:20.461  INFO 3172 --- [main] com.zaxxer.hikari.HikariDataSource       : HikariPool-1 - Start completed.
2021-05-17 14:29:20.469  INFO 3172 --- [main] org.hibernate.dialect.Dialect            : HHH000400: Using dialect: org.hibernate.dialect.PostgreSQLDialect
2021-05-17 14:29:20.599  INFO 3172 --- [main] o.h.e.t.j.p.i.JtaPlatformInitiator       : HHH000490: Using JtaPlatform implementation: [org.hibernate.engine.transaction.jta.platform.internal.NoJtaPlatform]
2021-05-17 14:29:20.605  INFO 3172 --- [main] j.LocalContainerEntityManagerFactoryBean : Initialized JPA EntityManagerFactory for persistence unit 'default'
2021-05-17 14:29:21.823  WARN 3172 --- [main] JpaBaseConfiguration$JpaWebConfiguration : spring.jpa.open-in-view is enabled by default. Therefore, database queries may be performed during view rendering. Explicitly configure spring.jpa.open-in-view to disable this warning
2021-05-17 14:29:21.890  INFO 3172 --- [main] o.s.s.concurrent.ThreadPoolTaskExecutor  : Initializing ExecutorService 'applicationTaskExecutor'
2021-05-17 14:29:22.007  INFO 3172 --- [main] o.s.b.w.embedded.tomcat.TomcatWebServer  : Tomcat started on port(s): 8081 (http) with context path ''
2021-05-17 14:29:22.015  INFO 3172 --- [main] c.u.t.c.ChannelserviceApplication        : Started ChannelserviceApplication in 2.87 seconds (JVM running for 3.352)
2021-05-17 14:29:24.337  INFO 3172 --- [SpringContextShutdownHook] o.s.s.concurrent.ThreadPoolTaskExecutor  : Shutting down ExecutorService 'applicationTaskExecutor'
2021-05-17 14:29:24.337  INFO 3172 --- [SpringContextShutdownHook] j.LocalContainerEntityManagerFactoryBean : Closing JPA EntityManagerFactory for persistence unit 'default'
2021-05-17 14:29:24.338  INFO 3172 --- [SpringContextShutdownHook] com.zaxxer.hikari.HikariDataSource       : HikariPool-1 - Shutdown initiated...
2021-05-17 14:29:24.342  INFO 3172 --- [SpringContextShutdownHook] com.zaxxer.hikari.HikariDataSource       : HikariPool-1 - Shutdown completed.
